Performing C++ SOURCE FILE Test LIBUNWIND_HAS_WX_FLAG failed with the following output:
Change Dir: /Users/dojo/Downloads/libunwind-4.0.0.src/build/CMakeFiles/CMakeTmp

Run Build Command:"/usr/local/opt/make/bin/gmake" "cmTC_5a35d/fast"
/usr/local/opt/make/bin/gmake -f CMakeFiles/cmTC_5a35d.dir/build.make CMakeFiles/cmTC_5a35d.dir/build
gmake[1]: Entering directory '/Users/dojo/Downloads/libunwind-4.0.0.src/build/CMakeFiles/CMakeTmp'
Building CXX object CMakeFiles/cmTC_5a35d.dir/src.cxx.o
/Applications/Xcode.app/Contents/Developer/usr/bin/g++  -Ofast -fomit-frame-pointer -ffast-math -fno-signed-zeros -m64 -m32 -mmmx -msse  -funroll-loops    -fvisibility-inlines-hidden -Werror=date-time -std=c++11 -w -DLIBUNWIND_HAS_WX_FLAG   /WX -o CMakeFiles/cmTC_5a35d.dir/src.cxx.o -c /Users/dojo/Downloads/libunwind-4.0.0.src/build/CMakeFiles/CMakeTmp/src.cxx
clang: error: no such file or directory: '/WX'
gmake[1]: *** [CMakeFiles/cmTC_5a35d.dir/build.make:66: CMakeFiles/cmTC_5a35d.dir/src.cxx.o] Error 1
gmake[1]: Leaving directory '/Users/dojo/Downloads/libunwind-4.0.0.src/build/CMakeFiles/CMakeTmp'
gmake: *** [Makefile:126: cmTC_5a35d/fast] Error 2

Source file was:
int main() { return 0; }
Performing C++ SOURCE FILE Test LIBUNWIND_HAS_NO_WX_FLAG failed with the following output:
Change Dir: /Users/dojo/Downloads/libunwind-4.0.0.src/build/CMakeFiles/CMakeTmp

Run Build Command:"/usr/local/opt/make/bin/gmake" "cmTC_db479/fast"
/usr/local/opt/make/bin/gmake -f CMakeFiles/cmTC_db479.dir/build.make CMakeFiles/cmTC_db479.dir/build
gmake[1]: Entering directory '/Users/dojo/Downloads/libunwind-4.0.0.src/build/CMakeFiles/CMakeTmp'
Building CXX object CMakeFiles/cmTC_db479.dir/src.cxx.o
/Applications/Xcode.app/Contents/Developer/usr/bin/g++  -Ofast -fomit-frame-pointer -ffast-math -fno-signed-zeros -m64 -m32 -mmmx -msse  -funroll-loops    -fvisibility-inlines-hidden -Werror=date-time -std=c++11 -w -DLIBUNWIND_HAS_NO_WX_FLAG   /WX- -o CMakeFiles/cmTC_db479.dir/src.cxx.o -c /Users/dojo/Downloads/libunwind-4.0.0.src/build/CMakeFiles/CMakeTmp/src.cxx
clang: error: no such file or directory: '/WX-'
gmake[1]: *** [CMakeFiles/cmTC_db479.dir/build.make:66: CMakeFiles/cmTC_db479.dir/src.cxx.o] Error 1
gmake[1]: Leaving directory '/Users/dojo/Downloads/libunwind-4.0.0.src/build/CMakeFiles/CMakeTmp'
gmake: *** [Makefile:126: cmTC_db479/fast] Error 2

Source file was:
int main() { return 0; }
Performing C++ SOURCE FILE Test LIBUNWIND_HAS_EHSC_FLAG failed with the following output:
Change Dir: /Users/dojo/Downloads/libunwind-4.0.0.src/build/CMakeFiles/CMakeTmp

Run Build Command:"/usr/local/opt/make/bin/gmake" "cmTC_f83c9/fast"
/usr/local/opt/make/bin/gmake -f CMakeFiles/cmTC_f83c9.dir/build.make CMakeFiles/cmTC_f83c9.dir/build
gmake[1]: Entering directory '/Users/dojo/Downloads/libunwind-4.0.0.src/build/CMakeFiles/CMakeTmp'
Building CXX object CMakeFiles/cmTC_f83c9.dir/src.cxx.o
/Applications/Xcode.app/Contents/Developer/usr/bin/g++  -Ofast -fomit-frame-pointer -ffast-math -fno-signed-zeros -m64 -m32 -mmmx -msse  -funroll-loops    -fvisibility-inlines-hidden -Werror=date-time -std=c++11 -w -DLIBUNWIND_HAS_EHSC_FLAG   /EHsc -o CMakeFiles/cmTC_f83c9.dir/src.cxx.o -c /Users/dojo/Downloads/libunwind-4.0.0.src/build/CMakeFiles/CMakeTmp/src.cxx
clang: error: no such file or directory: '/EHsc'
gmake[1]: *** [CMakeFiles/cmTC_f83c9.dir/build.make:66: CMakeFiles/cmTC_f83c9.dir/src.cxx.o] Error 1
gmake[1]: Leaving directory '/Users/dojo/Downloads/libunwind-4.0.0.src/build/CMakeFiles/CMakeTmp'
gmake: *** [Makefile:126: cmTC_f83c9/fast] Error 2

Source file was:
int main() { return 0; }
Performing C++ SOURCE FILE Test LIBUNWIND_HAS_NO_EHS_FLAG failed with the following output:
Change Dir: /Users/dojo/Downloads/libunwind-4.0.0.src/build/CMakeFiles/CMakeTmp

Run Build Command:"/usr/local/opt/make/bin/gmake" "cmTC_2c28b/fast"
/usr/local/opt/make/bin/gmake -f CMakeFiles/cmTC_2c28b.dir/build.make CMakeFiles/cmTC_2c28b.dir/build
gmake[1]: Entering directory '/Users/dojo/Downloads/libunwind-4.0.0.src/build/CMakeFiles/CMakeTmp'
Building CXX object CMakeFiles/cmTC_2c28b.dir/src.cxx.o
/Applications/Xcode.app/Contents/Developer/usr/bin/g++  -Ofast -fomit-frame-pointer -ffast-math -fno-signed-zeros -m64 -m32 -mmmx -msse  -funroll-loops    -fvisibility-inlines-hidden -Werror=date-time -std=c++11 -w -DLIBUNWIND_HAS_NO_EHS_FLAG   /EHs- -o CMakeFiles/cmTC_2c28b.dir/src.cxx.o -c /Users/dojo/Downloads/libunwind-4.0.0.src/build/CMakeFiles/CMakeTmp/src.cxx
clang: error: no such file or directory: '/EHs-'
gmake[1]: *** [CMakeFiles/cmTC_2c28b.dir/build.make:66: CMakeFiles/cmTC_2c28b.dir/src.cxx.o] Error 1
gmake[1]: Leaving directory '/Users/dojo/Downloads/libunwind-4.0.0.src/build/CMakeFiles/CMakeTmp'
gmake: *** [Makefile:126: cmTC_2c28b/fast] Error 2

Source file was:
int main() { return 0; }
Performing C++ SOURCE FILE Test LIBUNWIND_HAS_NO_EHA_FLAG failed with the following output:
Change Dir: /Users/dojo/Downloads/libunwind-4.0.0.src/build/CMakeFiles/CMakeTmp

Run Build Command:"/usr/local/opt/make/bin/gmake" "cmTC_99f23/fast"
/usr/local/opt/make/bin/gmake -f CMakeFiles/cmTC_99f23.dir/build.make CMakeFiles/cmTC_99f23.dir/build
gmake[1]: Entering directory '/Users/dojo/Downloads/libunwind-4.0.0.src/build/CMakeFiles/CMakeTmp'
Building CXX object CMakeFiles/cmTC_99f23.dir/src.cxx.o
/Applications/Xcode.app/Contents/Developer/usr/bin/g++  -Ofast -fomit-frame-pointer -ffast-math -fno-signed-zeros -m64 -m32 -mmmx -msse  -funroll-loops    -fvisibility-inlines-hidden -Werror=date-time -std=c++11 -w -DLIBUNWIND_HAS_NO_EHA_FLAG   /EHa- -o CMakeFiles/cmTC_99f23.dir/src.cxx.o -c /Users/dojo/Downloads/libunwind-4.0.0.src/build/CMakeFiles/CMakeTmp/src.cxx
clang: error: no such file or directory: '/EHa-'
gmake[1]: *** [CMakeFiles/cmTC_99f23.dir/build.make:66: CMakeFiles/cmTC_99f23.dir/src.cxx.o] Error 1
gmake[1]: Leaving directory '/Users/dojo/Downloads/libunwind-4.0.0.src/build/CMakeFiles/CMakeTmp'
gmake: *** [Makefile:126: cmTC_99f23/fast] Error 2

Source file was:
int main() { return 0; }
Performing C++ SOURCE FILE Test LIBUNWIND_HAS_NO_GR_FLAG failed with the following output:
Change Dir: /Users/dojo/Downloads/libunwind-4.0.0.src/build/CMakeFiles/CMakeTmp

Run Build Command:"/usr/local/opt/make/bin/gmake" "cmTC_bfcdd/fast"
/usr/local/opt/make/bin/gmake -f CMakeFiles/cmTC_bfcdd.dir/build.make CMakeFiles/cmTC_bfcdd.dir/build
gmake[1]: Entering directory '/Users/dojo/Downloads/libunwind-4.0.0.src/build/CMakeFiles/CMakeTmp'
Building CXX object CMakeFiles/cmTC_bfcdd.dir/src.cxx.o
/Applications/Xcode.app/Contents/Developer/usr/bin/g++  -Ofast -fomit-frame-pointer -ffast-math -fno-signed-zeros -m64 -m32 -mmmx -msse  -funroll-loops    -fvisibility-inlines-hidden -Werror=date-time -std=c++11 -w -DLIBUNWIND_HAS_NO_GR_FLAG   /GR- -o CMakeFiles/cmTC_bfcdd.dir/src.cxx.o -c /Users/dojo/Downloads/libunwind-4.0.0.src/build/CMakeFiles/CMakeTmp/src.cxx
clang: error: no such file or directory: '/GR-'
gmake[1]: *** [CMakeFiles/cmTC_bfcdd.dir/build.make:66: CMakeFiles/cmTC_bfcdd.dir/src.cxx.o] Error 1
gmake[1]: Leaving directory '/Users/dojo/Downloads/libunwind-4.0.0.src/build/CMakeFiles/CMakeTmp'
gmake: *** [Makefile:126: cmTC_bfcdd/fast] Error 2

Source file was:
int main() { return 0; }
Compiling the C compiler identification source file "CMakeCCompilerId.c" failed.
Compiler: /Applications/Xcode.app/Contents/Developer/Toolchains/XcodeDefault.xctoolchain/usr/bin/cc -Ofast;-fomit-frame-pointer;-ffast-math;-fno-signed-zeros;-m64;-m32;-mmmx;-msse;-funroll-loops
Build flags: -Ofast;-fomit-frame-pointer;-ffast-math;-fno-signed-zeros;-m64;-m32;-mmmx;-msse;;-funroll-loops
Id flags:  

The output was:
1
ld: in '/usr/local/lib/libunwind.dylib', file was built for x86_64 which is not the architecture being linked (i386): /usr/local/lib/libunwind.dylib for architecture i386
clang: error: linker command failed with exit code 1 (use -v to see invocation)


Compiling the CXX compiler identification source file "CMakeCXXCompilerId.cpp" failed.
Compiler: /Applications/Xcode.app/Contents/Developer/usr/bin/g++ -Ofast;-fomit-frame-pointer;-ffast-math;-fno-signed-zeros;-m64;-m32;-mmmx;-msse;-funroll-loops
Build flags: 
Id flags:  

The output was:
1
ld: in '/usr/local/lib/libunwind.dylib', file was built for x86_64 which is not the architecture being linked (i386): /usr/local/lib/libunwind.dylib for architecture i386
clang: error: linker command failed with exit code 1 (use -v to see invocation)


Determining if the C compiler works failed with the following output:
Change Dir: /Users/dojo/libunwind_mac_2017_64_32/build/CMakeFiles/CMakeTmp

Run Build Command:"/usr/local/opt/make/bin/gmake" "cmTC_3c63d/fast"
gmake[1]: Entering directory '/Users/dojo/libunwind_mac_2017_64_32/build/CMakeFiles/CMakeTmp'
/usr/local/opt/make/bin/gmake -f CMakeFiles/cmTC_3c63d.dir/build.make CMakeFiles/cmTC_3c63d.dir/build
gmake[2]: Entering directory '/Users/dojo/libunwind_mac_2017_64_32/build/CMakeFiles/CMakeTmp'
Building C object CMakeFiles/cmTC_3c63d.dir/testCCompiler.c.o
/Applications/Xcode.app/Contents/Developer/Toolchains/XcodeDefault.xctoolchain/usr/bin/cc  -Ofast -fomit-frame-pointer -ffast-math -fno-signed-zeros -m64 -m32 -mmmx -msse  -funroll-loops   -Ofast -fomit-frame-pointer -ffast-math -fno-signed-zeros -m64 -m32 -mmmx -msse  -funroll-loops  -arch i386 -arch x86_64   -o CMakeFiles/cmTC_3c63d.dir/testCCompiler.c.o   -c /Users/dojo/libunwind_mac_2017_64_32/build/CMakeFiles/CMakeTmp/testCCompiler.c
Linking C executable cmTC_3c63d
/usr/local/Cellar/cmake/3.9.0/bin/cmake -E cmake_link_script CMakeFiles/cmTC_3c63d.dir/link.txt --verbose=1
/Applications/Xcode.app/Contents/Developer/Toolchains/XcodeDefault.xctoolchain/usr/bin/cc  -Ofast -fomit-frame-pointer -ffast-math -fno-signed-zeros -m64 -m32 -mmmx -msse  -funroll-loops -Ofast -fomit-frame-pointer -ffast-math -fno-signed-zeros -m64 -m32 -mmmx -msse  -funroll-loops  -arch i386 -arch x86_64 -Wl,-search_paths_first -Wl,-headerpad_max_install_names -L/usr/local/opt/openblas/lib -L/usr/local/opt/qt/lib -L/usr/local/opt/icu4c/lib -L/usr/local/opt/bison/lib -L/usr/local/opt/readline/lib -L/usr/local/opt/gettext/lib -L/usr/local/opt/libxml2/lib -L/usr/local/opt/libpng/lib -L/usr/local/opt/zlib/lib -L/usr/local/opt/openssl@1.1/lib  CMakeFiles/cmTC_3c63d.dir/testCCompiler.c.o  -o cmTC_3c63d 
ld: in '/usr/local/lib/libunwind.dylib', file was built for x86_64 which is not the architecture being linked (i386): /usr/local/lib/libunwind.dylib for architecture i386
clang: error: linker command failed with exit code 1 (use -v to see invocation)
gmake[2]: *** [CMakeFiles/cmTC_3c63d.dir/build.make:98: cmTC_3c63d] Error 1
gmake[2]: Leaving directory '/Users/dojo/libunwind_mac_2017_64_32/build/CMakeFiles/CMakeTmp'
gmake[1]: *** [Makefile:126: cmTC_3c63d/fast] Error 2
gmake[1]: Leaving directory '/Users/dojo/libunwind_mac_2017_64_32/build/CMakeFiles/CMakeTmp'


